start: s
accept: ac
reject: rj
blank: _

s _ -> ac _ ^
s 0 -> check0 0 ^
s 1 -> check0 1 ^
check0 0 -> check1 0 >
check0 1 -> check1 1 >
check0 _ -> half0 _ <
check1 0 -> check2 0 >
check1 1 -> check2 1 >
check1 _ -> rj _ ^
check2 0 -> check3 0 >
check2 1 -> check3 1 >
check2 _ -> half1 _ <
check3 0 -> check4 0 >
check3 1 -> check4 1 >
check3 _ -> rj _ ^
check4 0 -> check5 0 >
check4 1 -> check5 1 >
check4 _ -> half2 _ <
check5 0 -> check6 0 >
check5 1 -> check6 1 >
check5 _ -> rj _ ^
check6 0 -> check7 0 >
check6 1 -> check7 1 >
check6 _ -> half3 _ <
check7 0 -> check8 0 >
check7 1 -> check8 1 >
check7 _ -> rj _ ^
check8 0 -> check9 0 >
check8 1 -> check9 1 >
check8 _ -> half4 _ <
check9 0 -> check10 0 >
check9 1 -> check10 1 >
check9 _ -> rj _ ^
check10 0 -> check11 0 >
check10 1 -> check11 1 >
check10 _ -> half5 _ <
check11 0 -> check12 0 >
check11 1 -> check12 1 >
check11 _ -> rj _ ^
check12 0 -> check13 0 >
check12 1 -> check13 1 >
check12 _ -> half6 _ <
check13 0 -> check14 0 >
check13 1 -> check14 1 >
check13 _ -> rj _ ^
check14 0 -> check15 0 >
check14 1 -> check15 1 >
check14 _ -> half7 _ <
check15 0 -> check16 0 >
check15 1 -> check16 1 >
check15 _ -> rj _ ^
check16 0 -> check17 0 >
check16 1 -> check17 1 >
check16 _ -> half8 _ <
check17 0 -> check18 0 >
check17 1 -> check18 1 >
check17 _ -> rj _ ^
check18 0 -> check19 0 >
check18 1 -> check19 1 >
check18 _ -> half9 _ <
check19 0 -> check20 0 >
check19 1 -> check20 1 >
check19 _ -> rj _ ^
check20 0 -> check21 0 >
check20 1 -> check21 1 >
check20 _ -> half10 _ <
check21 0 -> check22 0 >
check21 1 -> check22 1 >
check21 _ -> rj _ ^
check22 0 -> check23 0 >
check22 1 -> check23 1 >
check22 _ -> half11 _ <
check23 0 -> check24 0 >
check23 1 -> check24 1 >
check23 _ -> rj _ ^
check24 0 -> check25 0 >
check24 1 -> check25 1 >
check24 _ -> half12 _ <
check25 0 -> check26 0 >
check25 1 -> check26 1 >
check25 _ -> rj _ ^
check26 0 -> check27 0 >
check26 1 -> check27 1 >
check26 _ -> half13 _ <
check27 0 -> check28 0 >
check27 1 -> check28 1 >
check27 _ -> rj _ ^
check28 0 -> check29 0 >
check28 1 -> check29 1 >
check28 _ -> half14 _ <
check29 0 -> check30 0 >
check29 1 -> check30 1 >
check29 _ -> rj _ ^
check30 0 -> check31 0 >
check30 1 -> check31 1 >
check30 _ -> half15 _ <
check31 0 -> check32 0 >
check31 1 -> check32 1 >
check31 _ -> rj _ ^
check32 0 -> check33 0 >
check32 1 -> check33 1 >
check32 _ -> half16 _ <
check33 0 -> check34 0 >
check33 1 -> check34 1 >
check33 _ -> rj _ ^
check34 0 -> check35 0 >
check34 1 -> check35 1 >
check34 _ -> half17 _ <
check35 0 -> check36 0 >
check35 1 -> check36 1 >
check35 _ -> rj _ ^
check36 0 -> check37 0 >
check36 1 -> check37 1 >
check36 _ -> half18 _ <
check37 0 -> check38 0 >
check37 1 -> check38 1 >
check37 _ -> rj _ ^
check38 0 -> check39 0 >
check38 1 -> check39 1 >
check38 _ -> half19 _ <
check39 0 -> check40 0 >
check39 1 -> check40 1 >
check39 _ -> rj _ ^
check40 0 -> check41 0 >
check40 1 -> check41 1 >
check40 _ -> half20 _ <
check41 0 -> check42 0 >
check41 1 -> check42 1 >
check41 _ -> rj _ ^
check42 0 -> check43 0 >
check42 1 -> check43 1 >
check42 _ -> half21 _ <
check43 0 -> check44 0 >
check43 1 -> check44 1 >
check43 _ -> rj _ ^
check44 0 -> check45 0 >
check44 1 -> check45 1 >
check44 _ -> half22 _ <
check45 0 -> check46 0 >
check45 1 -> check46 1 >
check45 _ -> rj _ ^
check46 0 -> check47 0 >
check46 1 -> check47 1 >
check46 _ -> half23 _ <
check47 0 -> check48 0 >
check47 1 -> check48 1 >
check47 _ -> rj _ ^
check48 0 -> check49 0 >
check48 1 -> check49 1 >
check48 _ -> half24 _ <
check49 0 -> check50 0 >
check49 1 -> check50 1 >
check49 _ -> rj _ ^
check50 0 -> check51 0 >
check50 1 -> check51 1 >
check50 _ -> half25 _ <
check51 0 -> check52 0 >
check51 1 -> check52 1 >
check51 _ -> rj _ ^
check52 0 -> check53 0 >
check52 1 -> check53 1 >
check52 _ -> half26 _ <
check53 0 -> check54 0 >
check53 1 -> check54 1 >
check53 _ -> rj _ ^
check54 0 -> check55 0 >
check54 1 -> check55 1 >
check54 _ -> half27 _ <
check55 0 -> check56 0 >
check55 1 -> check56 1 >
check55 _ -> rj _ ^
check56 0 -> check57 0 >
check56 1 -> check57 1 >
check56 _ -> half28 _ <
check57 0 -> check58 0 >
check57 1 -> check58 1 >
check57 _ -> rj _ ^
check58 0 -> check59 0 >
check58 1 -> check59 1 >
check58 _ -> half29 _ <
check59 0 -> check60 0 >
check59 1 -> check60 1 >
check59 _ -> rj _ ^
check60 0 -> check61 0 >
check60 1 -> check61 1 >
check60 _ -> half30 _ <
check61 0 -> check62 0 >
check61 1 -> check62 1 >
check61 _ -> rj _ ^
check62 0 -> check63 0 >
check62 1 -> check63 1 >
check62 _ -> half31 _ <
check63 0 -> check64 0 >
check63 1 -> check64 1 >
check63 _ -> rj _ ^
check64 0 -> check65 0 >
check64 1 -> check65 1 >
check64 _ -> half32 _ <
check65 0 -> check66 0 >
check65 1 -> check66 1 >
check65 _ -> rj _ ^
check66 0 -> check67 0 >
check66 1 -> check67 1 >
check66 _ -> half33 _ <
check67 0 -> check68 0 >
check67 1 -> check68 1 >
check67 _ -> rj _ ^
check68 0 -> check69 0 >
check68 1 -> check69 1 >
check68 _ -> half34 _ <
check69 0 -> check70 0 >
check69 1 -> check70 1 >
check69 _ -> rj _ ^
check70 0 -> check71 0 >
check70 1 -> check71 1 >
check70 _ -> half35 _ <
check71 0 -> check72 0 >
check71 1 -> check72 1 >
check71 _ -> rj _ ^
check72 0 -> check73 0 >
check72 1 -> check73 1 >
check72 _ -> half36 _ <
check73 0 -> check74 0 >
check73 1 -> check74 1 >
check73 _ -> rj _ ^
check74 0 -> check75 0 >
check74 1 -> check75 1 >
check74 _ -> half37 _ <
check75 0 -> check76 0 >
check75 1 -> check76 1 >
check75 _ -> rj _ ^
check76 0 -> check77 0 >
check76 1 -> check77 1 >
check76 _ -> half38 _ <
check77 0 -> check78 0 >
check77 1 -> check78 1 >
check77 _ -> rj _ ^
check78 0 -> check79 0 >
check78 1 -> check79 1 >
check78 _ -> half39 _ <
check79 0 -> check80 0 >
check79 1 -> check80 1 >
check79 _ -> rj _ ^
check80 0 -> check81 0 >
check80 1 -> check81 1 >
check80 _ -> half40 _ <
check81 0 -> check82 0 >
check81 1 -> check82 1 >
check81 _ -> rj _ ^
check82 0 -> check83 0 >
check82 1 -> check83 1 >
check82 _ -> half41 _ <
check83 0 -> check84 0 >
check83 1 -> check84 1 >
check83 _ -> rj _ ^
check84 0 -> check85 0 >
check84 1 -> check85 1 >
check84 _ -> half42 _ <
check85 0 -> check86 0 >
check85 1 -> check86 1 >
check85 _ -> rj _ ^
check86 0 -> check87 0 >
check86 1 -> check87 1 >
check86 _ -> half43 _ <
check87 0 -> check88 0 >
check87 1 -> check88 1 >
check87 _ -> rj _ ^
check88 0 -> check89 0 >
check88 1 -> check89 1 >
check88 _ -> half44 _ <
check89 0 -> check90 0 >
check89 1 -> check90 1 >
check89 _ -> rj _ ^
check90 0 -> check91 0 >
check90 1 -> check91 1 >
check90 _ -> half45 _ <
check91 0 -> check92 0 >
check91 1 -> check92 1 >
check91 _ -> rj _ ^
check92 0 -> check93 0 >
check92 1 -> check93 1 >
check92 _ -> half46 _ <
check93 0 -> check94 0 >
check93 1 -> check94 1 >
check93 _ -> rj _ ^
check94 0 -> check95 0 >
check94 1 -> check95 1 >
check94 _ -> half47 _ <
check95 0 -> check96 0 >
check95 1 -> check96 1 >
check95 _ -> rj _ ^
check96 0 -> check97 0 >
check96 1 -> check97 1 >
check96 _ -> half48 _ <
check97 0 -> check98 0 >
check97 1 -> check98 1 >
check97 _ -> rj _ ^
check98 0 -> check99 0 >
check98 1 -> check99 1 >
check98 _ -> half49 _ <
check99 0 -> check100 0 >
check99 1 -> check100 1 >
check99 _ -> rj _ ^
check100 0 -> check101 0 >
check100 1 -> check101 1 >
check100 _ -> half50 _ <
half1 0 -> half0 Z <
half1 1 -> half0 O <
half2 0 -> half1 Z <
half2 1 -> half1 O <
half3 0 -> half2 Z <
half3 1 -> half2 O <
half4 0 -> half3 Z <
half4 1 -> half3 O <
half5 0 -> half4 Z <
half5 1 -> half4 O <
half6 0 -> half5 Z <
half6 1 -> half5 O <
half7 0 -> half6 Z <
half7 1 -> half6 O <
half8 0 -> half7 Z <
half8 1 -> half7 O <
half9 0 -> half8 Z <
half9 1 -> half8 O <
half10 0 -> half9 Z <
half10 1 -> half9 O <
half11 0 -> half10 Z <
half11 1 -> half10 O <
half12 0 -> half11 Z <
half12 1 -> half11 O <
half13 0 -> half12 Z <
half13 1 -> half12 O <
half14 0 -> half13 Z <
half14 1 -> half13 O <
half15 0 -> half14 Z <
half15 1 -> half14 O <
half16 0 -> half15 Z <
half16 1 -> half15 O <
half17 0 -> half16 Z <
half17 1 -> half16 O <
half18 0 -> half17 Z <
half18 1 -> half17 O <
half19 0 -> half18 Z <
half19 1 -> half18 O <
half20 0 -> half19 Z <
half20 1 -> half19 O <
half21 0 -> half20 Z <
half21 1 -> half20 O <
half22 0 -> half21 Z <
half22 1 -> half21 O <
half23 0 -> half22 Z <
half23 1 -> half22 O <
half24 0 -> half23 Z <
half24 1 -> half23 O <
half25 0 -> half24 Z <
half25 1 -> half24 O <
half26 0 -> half25 Z <
half26 1 -> half25 O <
half27 0 -> half26 Z <
half27 1 -> half26 O <
half28 0 -> half27 Z <
half28 1 -> half27 O <
half29 0 -> half28 Z <
half29 1 -> half28 O <
half30 0 -> half29 Z <
half30 1 -> half29 O <
half31 0 -> half30 Z <
half31 1 -> half30 O <
half32 0 -> half31 Z <
half32 1 -> half31 O <
half33 0 -> half32 Z <
half33 1 -> half32 O <
half34 0 -> half33 Z <
half34 1 -> half33 O <
half35 0 -> half34 Z <
half35 1 -> half34 O <
half36 0 -> half35 Z <
half36 1 -> half35 O <
half37 0 -> half36 Z <
half37 1 -> half36 O <
half38 0 -> half37 Z <
half38 1 -> half37 O <
half39 0 -> half38 Z <
half39 1 -> half38 O <
half40 0 -> half39 Z <
half40 1 -> half39 O <
half41 0 -> half40 Z <
half41 1 -> half40 O <
half42 0 -> half41 Z <
half42 1 -> half41 O <
half43 0 -> half42 Z <
half43 1 -> half42 O <
half44 0 -> half43 Z <
half44 1 -> half43 O <
half45 0 -> half44 Z <
half45 1 -> half44 O <
half46 0 -> half45 Z <
half46 1 -> half45 O <
half47 0 -> half46 Z <
half47 1 -> half46 O <
half48 0 -> half47 Z <
half48 1 -> half47 O <
half49 0 -> half48 Z <
half49 1 -> half48 O <
half50 0 -> half49 Z <
half50 1 -> half49 O <
half51 0 -> half50 Z <
half51 1 -> half50 O <
half52 0 -> half51 Z <
half52 1 -> half51 O <
half53 0 -> half52 Z <
half53 1 -> half52 O <
half54 0 -> half53 Z <
half54 1 -> half53 O <
half55 0 -> half54 Z <
half55 1 -> half54 O <
half56 0 -> half55 Z <
half56 1 -> half55 O <
half57 0 -> half56 Z <
half57 1 -> half56 O <
half58 0 -> half57 Z <
half58 1 -> half57 O <
half59 0 -> half58 Z <
half59 1 -> half58 O <
half60 0 -> half59 Z <
half60 1 -> half59 O <
half61 0 -> half60 Z <
half61 1 -> half60 O <
half62 0 -> half61 Z <
half62 1 -> half61 O <
half63 0 -> half62 Z <
half63 1 -> half62 O <
half64 0 -> half63 Z <
half64 1 -> half63 O <
half65 0 -> half64 Z <
half65 1 -> half64 O <
half66 0 -> half65 Z <
half66 1 -> half65 O <
half67 0 -> half66 Z <
half67 1 -> half66 O <
half68 0 -> half67 Z <
half68 1 -> half67 O <
half69 0 -> half68 Z <
half69 1 -> half68 O <
half70 0 -> half69 Z <
half70 1 -> half69 O <
half71 0 -> half70 Z <
half71 1 -> half70 O <
half72 0 -> half71 Z <
half72 1 -> half71 O <
half73 0 -> half72 Z <
half73 1 -> half72 O <
half74 0 -> half73 Z <
half74 1 -> half73 O <
half75 0 -> half74 Z <
half75 1 -> half74 O <
half76 0 -> half75 Z <
half76 1 -> half75 O <
half77 0 -> half76 Z <
half77 1 -> half76 O <
half78 0 -> half77 Z <
half78 1 -> half77 O <
half79 0 -> half78 Z <
half79 1 -> half78 O <
half80 0 -> half79 Z <
half80 1 -> half79 O <
half81 0 -> half80 Z <
half81 1 -> half80 O <
half82 0 -> half81 Z <
half82 1 -> half81 O <
half83 0 -> half82 Z <
half83 1 -> half82 O <
half84 0 -> half83 Z <
half84 1 -> half83 O <
half85 0 -> half84 Z <
half85 1 -> half84 O <
half86 0 -> half85 Z <
half86 1 -> half85 O <
half87 0 -> half86 Z <
half87 1 -> half86 O <
half88 0 -> half87 Z <
half88 1 -> half87 O <
half89 0 -> half88 Z <
half89 1 -> half88 O <
half90 0 -> half89 Z <
half90 1 -> half89 O <
half91 0 -> half90 Z <
half91 1 -> half90 O <
half92 0 -> half91 Z <
half92 1 -> half91 O <
half93 0 -> half92 Z <
half93 1 -> half92 O <
half94 0 -> half93 Z <
half94 1 -> half93 O <
half95 0 -> half94 Z <
half95 1 -> half94 O <
half96 0 -> half95 Z <
half96 1 -> half95 O <
half97 0 -> half96 Z <
half97 1 -> half96 O <
half98 0 -> half97 Z <
half98 1 -> half97 O <
half99 0 -> half98 Z <
half99 1 -> half98 O <
half100 0 -> half99 Z <
half100 1 -> half99 O <
half0 0 -> half0 0 <
half0 1 -> half0 1 <
half0 _ -> startTandem _ >
startTandem 0 -> tandem0 z >
startTandem 1 -> tandem1 o >
tandem0 0 -> tandem0 0 >
tandem0 1 -> tandem0 1 >
tandem1 0 -> tandem1 0 >
tandem1 1 -> tandem1 1 >
tandem0 S -> tandem0 S >
tandem1 S -> tandem1 S >
tandem0 O -> rj O ^
tandem0 Z -> back S <
tandem1 O -> back S <
tandem1 Z -> rj Z <
back o -> startTandem o >
back z -> startTandem z >
back 0 -> back 0 <
back 1 -> back 1 <
back S -> back S <
back O -> back O <
back Z -> back Z <
startTandem S -> ac S ^

